SF:lib/src/alert/alert_types.dart
DA:34,2
DA:36,2
DA:38,2
DA:40,2
DA:42,2
DA:48,2
DA:50,2
DA:52,2
DA:54,2
DA:56,2
DA:62,2
DA:67,2
DA:70,2
DA:71,2
DA:72,2
DA:74,1
DA:75,1
DA:80,2
DA:85,2
DA:89,4
DA:93,2
DA:98,2
DA:101,2
DA:102,2
DA:103,2
DA:104,1
DA:105,2
DA:110,2
DA:115,2
DA:119,2
DA:121,2
DA:122,4
DA:123,2
DA:124,2
DA:125,2
DA:126,4
DA:127,2
DA:128,4
DA:133,2
DA:135,2
DA:137,2
DA:139,2
DA:141,2
LF:43
LH:43
end_of_record
SF:lib/src/alert/minimal_alert.dart
DA:54,2
DA:65,2
DA:67,2
DA:68,2
DA:75,2
DA:77,2
DA:78,4
DA:81,6
DA:82,2
DA:83,4
DA:88,2
DA:90,4
DA:91,2
DA:95,1
DA:96,1
DA:99,1
DA:101,2
DA:102,1
DA:106,2
DA:107,3
DA:108,3
DA:114,1
DA:115,1
DA:116,4
DA:117,1
DA:124,2
DA:127,4
DA:128,2
DA:129,2
DA:132,6
DA:134,4
DA:137,6
DA:139,4
DA:142,10
DA:143,10
DA:146,6
DA:150,6
DA:156,4
DA:157,4
DA:158,1
DA:159,1
DA:160,2
DA:163,2
DA:164,6
DA:167,6
DA:174,4
DA:175,2
DA:176,2
DA:178,6
DA:179,2
DA:180,10
DA:181,10
DA:185,2
DA:189,2
DA:190,2
DA:191,2
DA:193,2
DA:196,6
DA:197,2
DA:198,2
DA:199,4
DA:200,4
DA:201,2
DA:202,4
DA:203,4
DA:204,2
DA:206,6
DA:207,6
DA:208,2
DA:211,2
DA:212,6
DA:213,2
DA:216,2
DA:217,2
DA:219,2
DA:220,2
DA:222,6
DA:224,2
DA:225,2
DA:227,2
DA:228,6
DA:229,6
DA:230,6
DA:232,6
DA:236,0
DA:237,0
DA:240,2
DA:244,12
DA:245,6
DA:246,2
DA:248,4
DA:249,2
DA:250,4
DA:251,2
DA:252,4
DA:257,2
LF:96
LH:94
end_of_record
SF:lib/src/app_bar/minimal_app_bar.dart
DA:70,1
DA:85,1
DA:87,1
DA:88,1
DA:90,1
DA:92,1
DA:93,5
DA:101,1
DA:103,1
DA:104,2
DA:105,1
DA:106,1
DA:107,2
DA:110,1
DA:111,1
DA:113,2
DA:114,2
DA:118,2
DA:119,1
DA:120,2
DA:123,2
DA:124,1
DA:125,2
DA:129,3
DA:130,3
DA:133,2
DA:136,1
DA:137,0
DA:138,0
DA:139,0
DA:140,3
DA:144,2
DA:145,2
DA:149,0
DA:151,0
DA:153,0
DA:154,0
DA:156,0
DA:158,0
DA:160,0
DA:161,0
DA:166,1
DA:167,0
DA:169,0
DA:170,0
DA:171,0
DA:173,0
DA:174,0
DA:175,0
DA:180,1
DA:181,2
DA:184,2
DA:185,2
DA:186,2
DA:187,2
DA:189,2
DA:190,2
DA:194,1
DA:199,2
DA:200,2
DA:203,2
DA:204,1
LF:62
LH:44
end_of_record
SF:lib/src/autocomplete/minimal_autocomplete.dart
DA:28,1
DA:48,1
DA:49,1
DA:57,1
DA:59,1
DA:60,2
DA:61,2
DA:62,0
DA:63,0
DA:68,0
DA:70,0
DA:71,0
DA:72,0
DA:73,0
DA:74,0
DA:79,1
DA:81,1
DA:82,2
DA:83,1
DA:86,1
DA:87,2
DA:88,0
DA:89,0
DA:90,0
DA:91,0
DA:95,1
DA:96,1
DA:99,3
DA:101,1
DA:102,4
DA:103,3
DA:104,2
DA:108,1
DA:110,4
DA:112,1
DA:114,1
DA:115,2
DA:116,0
DA:119,1
DA:120,1
DA:121,1
DA:122,1
DA:124,2
DA:126,2
DA:128,0
DA:134,1
DA:136,2
DA:138,2
DA:139,1
DA:145,1
DA:148,2
DA:149,1
DA:150,2
DA:151,2
DA:152,2
DA:153,2
DA:154,0
DA:157,0
DA:161,0
DA:165,2
DA:166,1
DA:171,1
DA:172,1
DA:174,1
DA:179,1
DA:182,1
DA:183,1
DA:184,1
DA:185,1
DA:186,1
DA:187,1
DA:188,3
DA:190,1
DA:195,2
DA:203,1
DA:204,3
LF:76
LH:59
end_of_record
SF:lib/src/avatar/avatar_types.dart
DA:61,2
DA:68,0
DA:70,0
DA:72,0
DA:74,0
DA:76,0
DA:78,0
DA:80,0
LF:8
LH:1
end_of_record
SF:lib/src/avatar/minimal_avatar.dart
DA:39,0
DA:53,0
DA:56,0
DA:57,0
DA:58,0
DA:62,0
DA:63,0
DA:64,0
DA:65,0
DA:67,0
DA:68,0
DA:72,0
DA:74,0
DA:76,0
DA:78,0
DA:79,0
DA:81,0
DA:82,0
DA:84,0
DA:86,0
DA:89,0
DA:95,0
DA:98,0
DA:105,0
DA:111,0
DA:112,0
DA:116,0
DA:117,0
DA:121,0
DA:125,0
DA:131,0
DA:133,0
DA:134,0
DA:135,0
DA:136,0
DA:138,0
DA:140,0
DA:141,0
DA:143,0
DA:145,0
DA:149,0
DA:150,0
DA:151,0
DA:152,0
DA:159,0
DA:165,0
DA:166,0
DA:169,0
DA:172,0
DA:174,0
DA:175,0
DA:176,0
DA:177,0
DA:178,0
DA:179,0
DA:183,0
DA:184,0
DA:187,0
DA:188,0
DA:189,0
DA:192,0
DA:193,0
DA:194,0
DA:195,0
DA:204,0
DA:210,0
DA:211,0
DA:212,0
DA:214,0
DA:215,0
DA:216,0
DA:219,0
DA:224,0
DA:226,0
DA:230,0
DA:231,0
DA:232,0
DA:233,0
DA:234,0
DA:235,0
DA:236,0
DA:237,0
DA:238,0
DA:241,0
DA:244,0
DA:245,0
DA:246,0
DA:247,0
DA:250,0
DA:252,0
LF:90
LH:0
end_of_record
SF:lib/src/button/minimal_button.dart
DA:71,0
DA:83,0
DA:84,0
DA:93,0
DA:95,0
DA:97,0
DA:98,0
DA:101,0
DA:104,0
DA:107,0
DA:108,0
DA:109,0
DA:110,0
DA:111,0
DA:112,0
DA:113,0
DA:114,0
DA:115,0
DA:116,0
DA:117,0
DA:118,0
DA:119,0
DA:121,0
DA:122,0
DA:123,0
DA:125,0
DA:128,0
DA:130,0
DA:131,0
DA:132,0
DA:133,0
DA:134,0
DA:135,0
DA:137,0
DA:138,0
DA:139,0
DA:140,0
DA:142,0
DA:143,0
DA:156,0
DA:157,0
DA:158,0
DA:159,0
DA:160,0
DA:162,0
DA:163,0
DA:164,0
DA:170,0
DA:174,0
DA:175,0
DA:176,0
DA:179,0
DA:181,0
DA:186,0
DA:187,0
DA:188,0
DA:192,0
DA:195,0
DA:196,0
DA:197,0
DA:198,0
DA:204,0
DA:207,0
DA:208,0
DA:209,0
DA:212,0
DA:213,0
DA:214,0
DA:219,0
DA:221,0
DA:228,0
DA:229,0
DA:230,0
DA:236,0
DA:237,0
DA:238,0
DA:239,0
DA:240,0
DA:241,0
DA:245,0
DA:246,0
DA:247,0
DA:248,0
DA:256,0
DA:257,0
DA:259,0
DA:260,0
DA:261,0
DA:264,0
DA:266,0
DA:267,0
DA:269,0
DA:271,0
DA:274,0
DA:277,0
DA:278,0
DA:281,0
DA:283,0
DA:284,0
DA:286,0
DA:288,0
DA:291,0
DA:294,0
DA:295,0
DA:298,0
DA:300,0
DA:301,0
DA:303,0
DA:305,0
DA:308,0
DA:311,0
DA:312,0
DA:313,0
DA:315,0
DA:317,0
DA:318,0
DA:319,0
DA:322,0
DA:324,0
DA:325,0
DA:331,0
DA:332,0
DA:333,0
DA:335,0
DA:336,0
DA:337,0
DA:339,0
DA:340,0
DA:341,0
DA:343,0
DA:344,0
DA:346,0
DA:347,0
DA:348,0
DA:350,0
DA:351,0
DA:353,0
DA:354,0
DA:355,0
DA:374,0
DA:395,0
LF:141
LH:0
end_of_record
SF:lib/src/card/minimal_card.dart
DA:55,1
DA:67,1
DA:69,1
DA:70,1
DA:78,1
DA:79,2
DA:81,2
DA:83,1
DA:85,1
DA:86,2
DA:87,1
DA:94,5
DA:96,1
DA:98,1
DA:99,1
DA:100,1
DA:104,2
DA:105,4
DA:107,2
DA:108,1
DA:109,3
DA:115,1
DA:121,5
DA:123,2
DA:124,4
DA:126,1
DA:128,1
DA:129,1
DA:130,2
DA:131,1
DA:133,1
DA:134,4
DA:135,0
DA:136,0
DA:137,1
DA:138,2
DA:139,2
DA:140,0
DA:141,0
DA:142,0
DA:143,0
DA:144,0
DA:145,0
DA:146,1
DA:147,2
DA:148,2
DA:149,2
DA:150,1
DA:153,2
DA:154,1
DA:156,2
DA:157,1
DA:158,1
DA:159,2
DA:160,1
DA:161,2
DA:162,2
DA:163,2
DA:168,1
DA:170,1
DA:171,1
DA:172,4
DA:174,1
DA:175,4
DA:178,2
DA:179,2
DA:180,3
LF:67
LH:59
end_of_record
SF:lib/src/checkbox/checkbox_types.dart
DA:31,0
DA:32,0
DA:35,0
DA:36,0
LF:4
LH:0
end_of_record
SF:lib/src/checkbox/minimal_checkbox.dart
DA:14,0
DA:24,0
DA:54,0
DA:55,0
DA:65,0
DA:66,0
DA:68,0
DA:70,0
DA:71,0
DA:77,0
DA:78,0
DA:81,0
DA:84,0
DA:86,0
DA:89,0
DA:90,0
DA:91,0
DA:92,0
DA:93,0
DA:97,0
DA:99,0
DA:100,0
DA:101,0
DA:105,0
DA:106,0
DA:107,0
DA:109,0
DA:113,0
DA:115,0
DA:116,0
DA:120,0
DA:121,0
DA:122,0
DA:124,0
DA:126,0
DA:132,0
DA:134,0
DA:135,0
DA:136,0
DA:141,0
DA:142,0
DA:146,0
DA:147,0
DA:148,0
DA:149,0
DA:151,0
DA:152,0
DA:153,0
DA:154,0
DA:157,0
DA:158,0
DA:159,0
DA:160,0
DA:161,0
DA:165,0
DA:166,0
DA:167,0
DA:170,0
DA:172,0
DA:173,0
DA:175,0
DA:176,0
DA:178,0
DA:179,0
DA:181,0
DA:182,0
DA:186,0
DA:187,0
DA:188,0
DA:189,0
DA:190,0
DA:192,0
DA:193,0
DA:194,0
DA:204,0
DA:206,0
DA:208,0
DA:209,0
DA:210,0
DA:211,0
DA:215,0
DA:216,0
DA:217,0
DA:219,0
DA:221,0
DA:224,0
DA:225,0
DA:226,0
DA:228,0
DA:229,0
DA:230,0
DA:231,0
DA:232,0
DA:233,0
DA:234,0
DA:237,0
DA:238,0
DA:242,0
DA:243,0
DA:245,0
DA:246,0
DA:247,0
DA:250,0
DA:255,0
DA:256,0
DA:257,0
DA:258,0
DA:259,0
DA:260,0
DA:261,0
DA:262,0
DA:266,0
DA:267,0
DA:268,0
DA:269,0
DA:270,0
DA:271,0
DA:279,0
DA:282,0
DA:286,0
DA:287,0
DA:288,0
DA:290,0
DA:291,0
DA:293,0
DA:295,0
DA:298,0
DA:301,0
DA:303,0
DA:304,0
DA:309,0
DA:312,0
DA:315,0
DA:317,0
DA:324,0
DA:325,0
DA:326,0
DA:327,0
DA:328,0
DA:329,0
DA:331,0
DA:332,0
DA:335,0
DA:336,0
DA:337,0
DA:338,0
DA:339,0
DA:340,0
DA:342,0
DA:343,0
DA:344,0
DA:345,0
DA:361,0
DA:362,0
DA:367,0
DA:368,0
LF:156
LH:0
end_of_record
SF:lib/src/container/minimal_container.dart
DA:57,2
DA:74,2
DA:76,2
DA:79,2
DA:80,2
DA:81,2
DA:85,2
DA:86,0
DA:87,0
DA:88,0
DA:96,2
DA:99,2
DA:100,2
DA:101,2
DA:102,2
DA:103,2
DA:104,2
DA:105,2
DA:106,2
DA:107,2
DA:108,2
DA:112,2
DA:113,2
DA:114,2
DA:115,2
DA:116,2
DA:117,2
DA:119,2
DA:120,2
DA:125,0
DA:140,0
DA:143,0
DA:144,0
DA:145,0
DA:151,0
DA:167,0
DA:183,0
DA:184,0
DA:185,0
DA:189,0
LF:40
LH:26
end_of_record
SF:lib/src/container/token_extensions.dart
DA:8,0
DA:26,0
DA:45,0
DA:57,0
DA:58,0
DA:59,0
DA:63,0
DA:64,0
DA:65,0
DA:66,0
DA:69,0
DA:70,0
DA:71,0
DA:72,0
DA:77,0
DA:79,0
DA:92,0
DA:105,0
DA:106,0
DA:110,0
DA:111,0
DA:114,0
DA:116,0
DA:122,0
LF:24
LH:0
end_of_record
SF:lib/src/date_picker/minimal_date_picker.dart
DA:24,1
DA:40,1
DA:42,1
DA:43,1
DA:50,1
DA:52,1
DA:53,4
DA:54,5
DA:57,1
DA:59,1
DA:60,4
DA:61,5
DA:63,4
DA:64,0
DA:65,0
DA:69,1
DA:72,2
DA:74,0
DA:78,1
DA:79,2
DA:80,2
DA:83,5
DA:84,3
DA:85,3
DA:87,1
DA:88,1
DA:92,2
DA:98,3
DA:99,3
DA:103,1
DA:105,1
DA:106,1
DA:108,1
DA:109,3
DA:110,5
DA:111,1
DA:113,1
DA:114,1
DA:115,1
DA:116,1
DA:117,1
DA:119,2
DA:120,1
DA:121,2
DA:122,2
DA:123,2
DA:124,4
DA:125,1
DA:126,1
DA:127,2
DA:128,1
DA:129,3
DA:130,2
DA:136,3
DA:139,1
DA:140,1
DA:141,3
LF:57
LH:54
end_of_record
SF:lib/src/datetime_picker/minimal_date_time_picker.dart
DA:22,1
DA:37,1
DA:39,1
DA:40,1
DA:47,1
DA:49,1
DA:50,3
DA:51,5
DA:54,0
DA:56,0
DA:57,0
DA:58,0
DA:60,0
DA:61,0
DA:65,0
DA:66,0
DA:69,0
DA:74,0
DA:75,0
DA:76,0
DA:77,0
DA:79,0
DA:80,0
DA:83,0
DA:86,0
DA:87,0
DA:88,0
DA:89,0
DA:90,0
DA:94,0
DA:98,0
DA:99,0
DA:100,0
DA:101,0
DA:102,0
DA:103,0
DA:104,0
DA:106,0
DA:108,0
DA:109,0
DA:110,0
DA:111,0
DA:112,0
DA:113,0
DA:117,0
DA:118,0
DA:122,0
DA:124,0
DA:125,0
DA:126,0
DA:127,0
DA:128,0
DA:129,0
DA:130,0
DA:131,0
DA:135,0
DA:136,0
DA:139,1
DA:140,1
DA:142,3
DA:144,0
DA:148,0
DA:149,0
DA:150,0
DA:151,0
DA:154,1
DA:157,3
DA:158,1
DA:159,1
DA:160,1
DA:161,1
DA:163,2
DA:164,2
DA:165,0
DA:167,0
DA:168,2
DA:170,1
DA:173,1
DA:174,1
DA:175,1
DA:176,1
DA:178,1
DA:179,1
DA:180,1
DA:181,2
DA:182,3
DA:184,1
DA:185,1
DA:186,1
DA:188,1
DA:189,1
DA:190,1
DA:191,1
DA:193,1
DA:194,1
DA:195,1
DA:196,2
DA:197,1
DA:198,0
DA:199,2
DA:205,1
DA:206,1
DA:207,1
DA:210,2
DA:212,3
DA:215,1
DA:217,2
DA:218,2
DA:219,0
DA:227,2
DA:228,0
DA:229,0
DA:230,0
DA:231,0
DA:232,0
DA:233,0
LF:116
LH:52
end_of_record
SF:lib/src/dialog/dialog_types.dart
DA:22,2
DA:24,2
DA:26,2
DA:28,0
DA:30,0
DA:32,0
DA:38,0
LF:7
LH:3
end_of_record
SF:lib/src/dialog/minimal_dialog.dart
DA:60,2
DA:77,0
DA:91,0
DA:96,0
DA:97,0
DA:113,2
DA:114,2
DA:125,2
DA:127,2
DA:130,4
DA:135,4
DA:136,2
DA:140,6
DA:141,2
DA:142,2
DA:148,4
DA:151,6
DA:152,2
DA:153,4
DA:159,2
DA:161,4
DA:162,4
DA:163,2
DA:166,1
DA:167,2
DA:169,4
DA:170,2
DA:171,3
DA:173,3
DA:177,2
DA:178,4
DA:181,2
DA:182,2
DA:183,4
DA:184,4
DA:185,4
DA:186,8
DA:188,2
DA:189,2
DA:190,5
DA:191,2
DA:192,3
DA:194,4
DA:195,2
DA:196,2
DA:197,4
DA:198,4
DA:206,2
DA:207,4
DA:209,2
DA:210,2
DA:211,4
DA:212,4
DA:214,2
DA:215,4
DA:216,4
DA:220,4
DA:221,4
DA:227,2
DA:228,10
DA:232,2
DA:233,6
DA:234,2
DA:236,2
DA:237,4
DA:239,4
DA:244,2
DA:247,5
DA:248,2
DA:249,6
DA:251,4
DA:252,6
DA:253,4
DA:256,2
DA:257,2
DA:259,2
DA:260,2
DA:261,1
DA:262,1
DA:263,2
DA:264,2
DA:265,1
DA:268,2
DA:269,0
DA:270,2
DA:271,2
DA:272,2
DA:273,2
DA:274,4
DA:275,2
DA:276,8
DA:281,2
DA:282,4
DA:285,6
DA:286,4
DA:287,4
DA:290,2
DA:291,2
DA:292,4
DA:294,4
DA:296,2
DA:299,2
DA:300,2
DA:301,6
DA:303,2
DA:306,2
DA:307,2
DA:308,2
DA:310,2
DA:312,2
DA:313,2
LF:111
LH:106
end_of_record
SF:lib/src/divider/minimal_divider.dart
DA:27,0
DA:41,3
DA:43,1
DA:45,1
DA:47,2
DA:48,1
DA:50,1
DA:51,2
DA:52,1
DA:54,1
DA:55,1
DA:58,0
DA:59,0
DA:60,0
DA:61,0
DA:62,0
DA:64,0
DA:65,0
DA:66,0
DA:72,1
DA:73,1
DA:74,1
DA:75,3
DA:76,3
DA:78,1
DA:79,1
DA:80,1
DA:81,1
DA:85,1
DA:86,1
DA:87,2
DA:88,2
DA:90,0
DA:91,2
DA:92,0
DA:94,0
DA:95,0
DA:100,3
DA:101,1
DA:103,1
DA:104,1
DA:109,2
DA:111,2
DA:112,0
DA:114,0
DA:115,0
DA:124,1
DA:133,0
DA:137,0
DA:138,0
DA:139,0
DA:140,0
DA:144,0
DA:155,1
DA:161,1
DA:163,1
DA:164,3
DA:165,0
DA:175,0
DA:182,0
DA:184,0
DA:185,0
DA:186,0
DA:187,0
DA:188,0
DA:190,0
DA:191,0
DA:193,0
DA:195,0
DA:196,0
DA:197,0
DA:198,0
DA:199,0
DA:203,0
DA:204,0
DA:205,0
DA:206,0
DA:207,0
DA:212,0
DA:214,0
DA:215,0
DA:216,0
DA:217,0
LF:83
LH:35
end_of_record
SF:lib/src/drawer/minimal_drawer.dart
DA:35,2
DA:44,2
DA:46,2
DA:47,2
DA:58,2
DA:60,2
DA:61,4
DA:65,6
DA:66,6
DA:68,4
DA:69,8
DA:72,2
DA:74,6
DA:75,4
DA:76,4
DA:77,4
DA:78,2
DA:81,2
DA:82,2
DA:83,4
DA:88,2
DA:89,4
DA:93,1
DA:94,2
DA:97,1
DA:98,1
DA:99,2
DA:100,1
DA:104,2
DA:107,6
DA:110,4
DA:112,10
DA:114,8
DA:117,4
DA:118,2
DA:119,2
DA:120,2
DA:121,2
DA:125,2
DA:126,2
DA:127,2
DA:128,2
DA:129,2
DA:131,6
DA:132,0
DA:133,0
DA:134,0
DA:135,0
DA:136,0
DA:140,2
DA:141,2
DA:142,2
DA:143,4
DA:144,4
DA:145,2
DA:146,2
DA:148,0
DA:149,4
DA:155,2
DA:157,2
DA:160,2
DA:164,4
DA:165,2
DA:166,2
DA:167,2
DA:168,2
DA:170,4
DA:171,2
DA:172,2
DA:173,6
DA:174,4
LF:71
LH:65
end_of_record
SF:lib/src/drawer/minimal_drawer_controller.dart
DA:16,2
DA:20,2
DA:23,0
DA:24,0
DA:25,0
DA:29,0
DA:30,0
DA:31,0
DA:35,0
DA:36,0
DA:37,0
DA:40,0
DA:42,0
DA:46,2
DA:48,2
DA:52,0
DA:53,0
DA:56,0
DA:57,0
DA:60,0
DA:61,0
DA:62,0
DA:63,0
DA:65,0
DA:69,2
DA:71,4
LF:26
LH:6
end_of_record
SF:lib/src/file_upload/minimal_file_upload.dart
DA:27,0
DA:44,0
DA:45,0
DA:52,0
DA:53,0
DA:56,0
DA:57,0
DA:58,0
DA:59,0
DA:65,0
DA:67,0
DA:69,0
DA:70,0
DA:74,0
DA:78,0
DA:81,0
DA:82,0
DA:84,0
DA:85,0
DA:89,0
DA:90,0
DA:96,0
DA:98,0
DA:99,0
DA:100,0
DA:102,0
DA:107,0
DA:109,0
DA:113,0
DA:114,0
DA:117,0
DA:118,0
DA:119,0
DA:127,0
DA:128,0
DA:129,0
DA:134,0
DA:135,0
DA:136,0
DA:137,0
DA:138,0
DA:139,0
DA:142,0
DA:144,0
DA:146,0
DA:150,0
DA:152,0
DA:153,0
DA:156,0
DA:157,0
DA:158,0
DA:159,0
DA:160,0
DA:161,0
DA:162,0
DA:164,0
DA:165,0
DA:170,0
DA:173,0
DA:175,0
DA:177,0
DA:180,0
DA:185,0
DA:188,0
DA:190,0
DA:192,0
DA:193,0
DA:194,0
DA:195,0
DA:196,0
DA:197,0
DA:198,0
DA:201,0
DA:202,0
DA:203,0
DA:205,0
DA:206,0
DA:207,0
DA:208,0
DA:213,0
DA:214,0
DA:215,0
DA:217,0
DA:219,0
DA:220,0
DA:221,0
DA:222,0
DA:224,0
DA:225,0
DA:228,0
DA:229,0
DA:230,0
DA:240,0
DA:241,0
DA:242,0
DA:243,0
DA:244,0
DA:245,0
DA:246,0
DA:247,0
DA:248,0
DA:249,0
DA:264,0
LF:103
LH:0
end_of_record
SF:lib/src/grid/grid_breakpoints.dart
DA:10,2
DA:37,1
DA:38,2
DA:39,1
DA:40,2
DA:41,1
DA:43,1
LF:7
LH:7
end_of_record
SF:lib/src/grid/minimal_grid.dart
DA:24,2
DA:80,2
DA:82,2
DA:83,2
DA:85,4
DA:86,4
DA:89,4
DA:92,2
DA:95,2
DA:99,2
DA:101,4
DA:102,2
DA:103,2
DA:106,4
DA:115,2
DA:117,2
DA:118,2
DA:122,2
DA:127,2
DA:128,2
DA:129,0
DA:133,4
DA:134,8
DA:135,4
LF:24
LH:23
end_of_record
SF:lib/src/image/minimal_image.dart
DA:24,0
DA:42,0
DA:44,0
DA:45,0
DA:52,0
DA:53,0
DA:54,0
DA:56,0
DA:59,0
DA:61,0
DA:62,0
DA:65,0
DA:67,0
DA:68,0
DA:69,0
DA:70,0
DA:71,0
DA:75,0
DA:76,0
DA:77,0
DA:78,0
DA:79,0
DA:80,0
DA:81,0
DA:82,0
DA:83,0
DA:84,0
DA:86,0
DA:89,0
DA:90,0
DA:91,0
DA:92,0
DA:93,0
DA:95,0
DA:102,0
DA:104,0
DA:105,0
DA:106,0
DA:107,0
DA:108,0
DA:109,0
DA:115,0
DA:117,0
DA:118,0
DA:119,0
DA:122,0
DA:125,0
DA:126,0
DA:128,0
DA:129,0
DA:130,0
DA:131,0
DA:138,0
DA:139,0
DA:140,0
DA:141,0
DA:143,0
DA:144,0
DA:146,0
DA:147,0
DA:148,0
LF:61
LH:0
end_of_record
SF:lib/src/link/minimal_link.dart
DA:19,1
DA:36,1
DA:37,1
DA:44,1
DA:45,3
DA:46,2
DA:48,3
DA:52,1
DA:53,4
DA:54,2
DA:55,3
DA:58,1
DA:59,1
DA:61,2
DA:65,1
DA:69,1
DA:72,2
DA:73,2
DA:77,1
DA:79,1
DA:81,1
DA:83,1
DA:84,0
DA:85,0
DA:86,1
DA:87,1
DA:88,1
DA:91,2
DA:92,1
DA:93,1
DA:94,2
LF:31
LH:29
end_of_record
SF:lib/src/list/minimal_list.dart
DA:51,2
DA:67,2
DA:68,2
DA:75,2
DA:77,2
DA:78,2
DA:79,2
DA:82,2
DA:83,4
DA:84,0
DA:85,0
DA:86,0
DA:87,0
DA:88,0
DA:89,0
DA:91,0
DA:93,0
DA:94,0
DA:95,0
DA:96,0
DA:105,2
DA:109,2
DA:111,4
DA:112,2
DA:116,2
DA:117,2
DA:118,4
DA:119,4
DA:122,4
DA:123,2
DA:124,4
DA:129,2
DA:130,6
DA:131,2
DA:135,2
DA:136,8
DA:137,2
DA:143,2
DA:144,4
DA:145,2
DA:147,2
DA:148,2
DA:150,2
DA:151,2
DA:154,8
DA:157,2
DA:159,10
DA:160,8
DA:169,0
DA:170,0
DA:171,0
DA:173,0
DA:174,0
DA:176,0
DA:177,0
DA:180,0
DA:183,0
DA:185,0
DA:186,0
DA:195,2
DA:196,2
DA:197,0
DA:198,0
DA:200,0
DA:201,0
DA:202,0
DA:203,0
DA:208,0
DA:209,0
DA:210,0
DA:211,0
DA:216,0
DA:217,0
DA:223,0
DA:224,0
DA:225,0
DA:230,0
DA:231,0
DA:232,0
DA:233,0
DA:238,0
DA:239,0
DA:240,0
DA:241,0
DA:256,2
DA:257,4
DA:260,6
DA:261,2
DA:264,4
DA:267,4
DA:268,2
DA:269,2
DA:270,4
DA:271,4
DA:272,2
DA:273,4
DA:274,2
DA:275,2
DA:276,2
DA:277,6
DA:284,2
DA:285,2
DA:286,4
DA:287,4
DA:288,2
DA:289,2
DA:290,2
DA:291,2
DA:292,6
DA:301,2
DA:304,2
DA:314,0
DA:321,0
DA:322,0
DA:325,0
DA:326,0
DA:329,0
DA:331,0
DA:332,0
DA:333,0
DA:334,0
DA:335,0
DA:336,0
DA:341,0
DA:342,0
DA:346,0
DA:347,0
DA:348,0
DA:349,0
DA:350,0
DA:351,0
DA:355,0
DA:362,0
DA:365,0
DA:375,0
DA:382,2
DA:383,4
DA:385,5
DA:388,2
DA:391,4
DA:392,2
DA:396,4
DA:397,0
DA:398,0
DA:402,4
DA:403,2
DA:404,0
LF:147
LH:75
end_of_record
SF:lib/src/menu/menu_controller.dart
DA:7,0
DA:9,0
DA:10,0
DA:11,0
DA:12,0
DA:15,0
DA:16,0
DA:17,0
DA:18,0
DA:21,0
DA:22,0
DA:23,0
LF:12
LH:0
end_of_record
SF:lib/src/menu/menu_item.dart
DA:10,0
DA:18,0
DA:20,0
DA:21,0
DA:22,0
DA:24,0
DA:26,0
DA:27,0
DA:28,0
DA:29,0
DA:30,0
LF:11
LH:0
end_of_record
SF:lib/src/menu/menu_style.dart
DA:10,0
LF:1
LH:0
end_of_record
SF:lib/src/menu/minimal_menu.dart
DA:19,0
DA:31,0
DA:32,0
DA:39,0
DA:41,0
DA:42,0
DA:43,0
DA:44,0
DA:47,0
DA:49,0
DA:50,0
DA:51,0
DA:52,0
DA:53,0
DA:54,0
DA:55,0
DA:59,0
DA:60,0
DA:61,0
DA:62,0
DA:63,0
DA:64,0
DA:65,0
DA:67,0
DA:70,0
DA:71,0
DA:72,0
DA:73,0
DA:75,0
DA:76,0
DA:77,0
DA:78,0
DA:79,0
DA:80,0
DA:81,0
DA:82,0
DA:84,0
DA:85,0
DA:86,0
DA:87,0
DA:88,0
DA:90,0
DA:91,0
DA:95,0
DA:96,0
DA:97,0
DA:98,0
DA:99,0
DA:102,0
DA:113,0
DA:116,0
DA:117,0
DA:118,0
DA:121,0
DA:123,0
DA:124,0
DA:125,0
DA:126,0
DA:127,0
DA:130,0
DA:133,0
DA:134,0
DA:135,0
DA:139,0
DA:143,0
DA:144,0
DA:145,0
DA:146,0
DA:147,0
LF:69
LH:0
end_of_record
SF:lib/src/minimal_text.dart
DA:38,0
DA:83,1
DA:97,1
DA:100,1
DA:101,2
DA:104,1
DA:105,1
DA:106,1
DA:107,1
DA:108,1
DA:109,0
DA:110,1
DA:111,1
DA:112,0
DA:113,1
DA:114,1
DA:115,0
DA:116,1
DA:117,1
DA:118,0
DA:119,1
DA:120,1
DA:121,0
DA:122,1
DA:123,1
DA:124,0
DA:125,1
DA:126,1
DA:127,0
DA:128,1
DA:129,0
DA:130,1
DA:131,1
DA:132,1
DA:133,0
DA:134,0
DA:135,0
DA:136,0
DA:137,0
DA:138,0
DA:139,0
DA:140,0
DA:141,0
DA:142,0
DA:143,0
DA:144,0
DA:145,0
DA:146,0
DA:150,0
DA:153,1
DA:154,2
DA:156,1
DA:157,2
DA:158,2
DA:159,2
DA:160,2
DA:161,2
DA:162,2
DA:163,2
DA:164,2
DA:165,2
DA:168,1
DA:172,1
DA:174,1
DA:176,1
DA:177,1
DA:178,2
DA:179,1
DA:180,1
DA:182,1
DA:183,1
DA:184,1
DA:185,1
DA:186,1
DA:187,1
DA:188,1
LF:76
LH:52
end_of_record
SF:lib/src/rich_text_editor/minimal_rich_text_editor.dart
DA:22,1
DA:38,1
DA:40,1
DA:41,1
DA:48,1
DA:50,1
DA:51,3
DA:52,4
DA:53,3
DA:56,1
DA:58,3
DA:59,2
DA:60,0
DA:62,2
DA:63,2
DA:65,1
DA:68,1
DA:69,2
DA:72,1
DA:74,1
DA:76,1
DA:77,3
DA:78,1
DA:79,1
DA:80,2
DA:81,2
DA:83,1
DA:84,1
DA:85,1
DA:86,2
DA:87,2
DA:88,2
DA:89,2
DA:91,1
DA:92,2
DA:93,1
DA:96,2
DA:97,0
DA:104,1
DA:105,1
DA:106,1
DA:107,3
DA:108,1
DA:110,2
DA:112,0
DA:114,3
DA:115,1
DA:116,3
DA:117,1
LF:49
LH:46
end_of_record
SF:lib/src/rich_text_editor/rich_text_controller.dart
DA:5,2
DA:8,0
DA:9,0
DA:10,0
DA:11,0
DA:12,0
DA:13,0
DA:14,0
DA:17,0
LF:9
LH:1
end_of_record
SF:lib/src/rich_text_editor/toolbar_options.dart
DA:9,2
LF:1
LH:1
end_of_record
SF:lib/src/search_bar/minimal_search_bar.dart
DA:23,1
DA:41,1
DA:42,1
DA:53,1
DA:55,1
DA:56,4
DA:57,3
DA:60,0
DA:62,0
DA:63,0
DA:64,0
DA:66,0
DA:69,1
DA:70,2
DA:73,1
DA:74,1
DA:75,5
DA:76,3
DA:77,1
DA:79,2
DA:82,1
DA:83,1
DA:84,6
DA:85,0
DA:89,2
DA:90,5
DA:91,7
DA:94,0
DA:95,0
DA:96,0
DA:97,0
DA:100,0
DA:101,0
DA:102,0
DA:105,0
DA:106,0
DA:107,0
DA:108,0
DA:109,0
DA:110,0
DA:112,0
DA:113,0
DA:114,0
DA:115,0
DA:116,0
DA:118,0
DA:119,0
DA:120,0
DA:121,0
DA:122,0
DA:123,0
DA:124,0
DA:126,0
DA:127,0
DA:132,1
DA:134,2
DA:135,2
DA:136,2
DA:137,2
DA:138,1
DA:141,1
DA:143,1
DA:144,1
DA:146,1
DA:148,1
DA:149,1
DA:150,1
DA:151,1
DA:152,1
DA:153,1
DA:154,3
DA:155,1
DA:156,4
DA:159,2
DA:160,1
DA:161,0
DA:163,3
DA:164,1
DA:165,1
DA:166,1
DA:167,1
DA:168,1
DA:169,1
DA:170,2
DA:171,1
DA:173,2
DA:174,3
DA:175,1
DA:178,3
DA:179,1
DA:181,1
DA:182,1
DA:185,5
DA:186,1
DA:187,1
DA:190,1
DA:192,3
DA:199,2
DA:200,4
DA:201,1
DA:203,1
DA:204,1
DA:205,3
DA:206,2
DA:208,1
DA:209,1
DA:210,1
DA:212,2
DA:213,1
DA:214,2
DA:215,2
DA:216,1
DA:217,0
DA:218,0
DA:219,0
DA:220,0
DA:221,0
DA:222,0
DA:224,1
DA:225,1
DA:226,2
DA:227,2
DA:230,0
DA:231,1
DA:232,1
DA:234,3
DA:235,1
DA:244,2
DA:245,2
DA:246,4
DA:247,0
DA:248,0
DA:250,0
DA:251,0
DA:252,0
DA:253,0
DA:255,0
DA:257,0
DA:258,0
DA:259,0
DA:260,0
DA:261,0
DA:262,0
DA:263,0
DA:265,0
DA:266,0
DA:267,0
DA:268,0
DA:270,0
DA:272,0
DA:273,0
DA:278,0
LF:152
LH:89
end_of_record
SF:lib/src/select/token_extensions.dart
DA:7,1
DA:8,3
DA:16,1
DA:19,2
DA:22,6
DA:25,0
DA:28,0
DA:31,0
DA:34,1
DA:37,1
DA:40,1
DA:43,0
DA:46,2
LF:13
LH:9
end_of_record
SF:lib/src/select/minimal_select.dart
DA:60,0
DA:79,0
DA:80,0
DA:99,0
DA:101,0
DA:102,0
DA:103,0
DA:105,0
DA:108,0
DA:110,0
DA:111,0
DA:112,0
DA:114,0
DA:115,0
DA:116,0
DA:117,0
DA:122,0
DA:123,0
DA:124,0
DA:128,0
DA:129,0
DA:130,0
DA:132,0
DA:135,0
DA:139,0
DA:140,0
DA:141,0
DA:145,0
DA:146,0
DA:148,0
DA:149,0
DA:150,0
DA:153,0
DA:154,0
DA:157,0
DA:158,0
DA:160,0
DA:162,0
DA:163,0
DA:164,0
DA:165,0
DA:169,0
DA:170,0
DA:171,0
DA:174,0
DA:177,0
DA:178,0
DA:179,0
DA:181,0
DA:185,0
DA:186,0
DA:187,0
DA:191,0
DA:192,0
DA:193,0
DA:199,0
DA:200,0
DA:201,0
DA:203,0
DA:204,0
DA:205,0
DA:206,0
DA:208,0
DA:210,0
DA:211,0
DA:215,0
DA:216,0
DA:217,0
DA:218,0
DA:220,0
DA:222,0
DA:226,0
DA:227,0
DA:231,0
DA:232,0
DA:233,0
DA:234,0
DA:235,0
DA:238,0
DA:239,0
DA:242,0
DA:243,0
DA:246,0
DA:250,0
DA:251,0
DA:252,0
DA:255,0
DA:256,0
DA:257,0
DA:259,0
DA:264,0
DA:265,0
DA:267,0
DA:268,0
DA:269,0
DA:270,0
DA:271,0
DA:272,0
DA:273,0
DA:275,0
DA:277,0
DA:280,0
DA:281,0
DA:282,0
DA:283,0
DA:285,0
DA:288,0
DA:289,0
DA:290,0
DA:291,0
DA:292,0
DA:296,0
DA:297,0
DA:300,0
DA:301,0
DA:310,0
DA:311,0
DA:314,0
DA:316,0
DA:317,0
DA:318,0
DA:319,0
DA:321,0
DA:329,0
DA:331,0
DA:333,0
DA:334,0
DA:336,0
DA:337,0
DA:340,0
DA:343,0
DA:344,0
DA:345,0
DA:348,0
DA:349,0
DA:350,0
DA:354,0
DA:355,0
DA:356,0
DA:358,0
DA:359,0
DA:361,0
DA:362,0
DA:364,0
DA:365,0
DA:368,0
DA:369,0
DA:371,0
DA:372,0
DA:373,0
DA:374,0
DA:375,0
DA:376,0
DA:377,0
DA:379,0
DA:380,0
DA:382,0
DA:383,0
DA:384,0
DA:392,0
DA:393,0
DA:394,0
DA:396,0
DA:397,0
DA:399,0
DA:400,0
DA:401,0
DA:402,0
DA:408,0
DA:409,0
DA:410,0
DA:413,0
DA:414,0
DA:415,0
DA:416,0
DA:417,0
DA:419,0
DA:424,0
DA:429,0
DA:430,0
DA:432,0
DA:433,0
DA:434,0
DA:435,0
DA:436,0
DA:438,0
DA:440,0
DA:442,0
DA:443,0
DA:444,0
DA:446,0
DA:448,0
DA:449,0
DA:451,0
DA:452,0
DA:453,0
DA:454,0
DA:455,0
DA:457,0
DA:458,0
DA:459,0
DA:460,0
DA:461,0
DA:466,0
DA:473,0
DA:475,0
DA:476,0
DA:478,0
DA:480,0
DA:483,0
DA:484,0
DA:485,0
DA:486,0
DA:487,0
DA:488,0
DA:489,0
DA:490,0
DA:493,0
DA:494,0
DA:496,0
DA:497,0
DA:502,0
DA:504,0
DA:505,0
DA:506,0
DA:507,0
DA:508,0
DA:509,0
DA:510,0
DA:511,0
DA:512,0
DA:516,0
DA:517,0
DA:518,0
DA:520,0
DA:521,0
DA:522,0
DA:523,0
DA:526,0
DA:527,0
DA:528,0
DA:529,0
DA:531,0
DA:532,0
DA:533,0
DA:538,0
DA:539,0
DA:540,0
DA:541,0
DA:542,0
DA:543,0
DA:551,0
DA:552,0
DA:553,0
DA:555,0
DA:556,0
DA:557,0
DA:558,0
DA:560,0
DA:561,0
DA:562,0
DA:565,0
DA:566,0
DA:568,0
DA:569,0
DA:572,0
DA:574,0
DA:576,0
DA:580,0
DA:582,0
DA:583,0
DA:585,0
DA:586,0
DA:587,0
DA:589,0
DA:594,0
DA:595,0
DA:596,0
DA:598,0
DA:599,0
DA:600,0
DA:601,0
DA:602,0
DA:603,0
DA:604,0
DA:605,0
DA:607,0
DA:608,0
DA:609,0
DA:610,0
DA:611,0
DA:614,0
DA:620,0
DA:621,0
DA:622,0
DA:624,0
DA:625,0
DA:626,0
DA:627,0
DA:632,0
DA:633,0
DA:634,0
DA:637,0
DA:638,0
DA:639,0
DA:640,0
DA:641,0
DA:645,0
DA:646,0
DA:647,0
DA:648,0
DA:654,0
DA:655,0
DA:657,0
DA:658,0
DA:659,0
DA:660,0
DA:662,0
DA:663,0
DA:664,0
DA:667,0
DA:668,0
DA:672,0
DA:673,0
DA:674,0
DA:676,0
DA:677,0
DA:678,0
DA:679,0
DA:680,0
DA:683,0
DA:684,0
DA:685,0
DA:686,0
DA:693,0
DA:694,0
DA:695,0
DA:697,0
DA:698,0
DA:699,0
DA:700,0
DA:703,0
DA:705,0
DA:711,0
DA:712,0
DA:713,0
DA:715,0
DA:717,0
DA:722,0
DA:724,0
DA:725,0
DA:726,0
DA:727,0
DA:728,0
DA:729,0
LF:355
LH:0
end_of_record
SF:lib/src/select/select_option.dart
DA:18,0
DA:25,0
DA:28,0
DA:29,0
DA:30,0
DA:33,0
DA:34,0
LF:7
LH:0
end_of_record
SF:lib/src/slider/minimal_slider.dart
DA:7,1
DA:22,2
DA:23,1
DA:39,1
DA:40,1
DA:59,1
DA:61,1
DA:62,8
DA:65,0
DA:67,0
DA:68,0
DA:69,0
DA:73,1
DA:74,2
DA:75,2
DA:76,1
DA:79,1
DA:81,1
DA:82,2
DA:84,4
DA:85,4
DA:86,4
DA:88,1
DA:89,2
DA:90,2
DA:91,1
DA:92,8
DA:94,1
DA:95,8
DA:99,1
DA:101,1
DA:102,2
DA:103,1
DA:105,5
DA:107,1
DA:108,2
DA:112,1
DA:116,1
DA:117,6
DA:118,2
DA:120,1
DA:121,1
DA:122,3
DA:123,3
DA:125,2
DA:126,2
DA:127,2
DA:128,2
DA:129,2
DA:130,4
DA:138,1
DA:139,2
DA:141,6
DA:143,0
DA:146,1
DA:147,2
DA:148,0
DA:149,0
DA:150,0
LF:59
LH:51
end_of_record
SF:lib/src/stack/minimal_stack.dart
DA:13,0
DA:21,0
DA:23,0
DA:26,0
DA:27,0
DA:28,0
DA:29,0
DA:30,0
DA:31,0
DA:32,0
DA:37,0
DA:38,0
DA:39,0
DA:40,0
DA:42,0
DA:44,0
DA:45,0
DA:46,0
DA:47,0
DA:48,0
LF:20
LH:0
end_of_record
SF:lib/src/status_label/minimal_status_label.dart
DA:24,1
DA:41,1
DA:42,1
DA:43,1
DA:44,1
DA:45,1
DA:46,0
DA:47,0
DA:48,0
DA:49,0
DA:50,0
DA:51,0
DA:52,0
DA:53,0
DA:57,1
DA:58,1
DA:59,1
DA:60,1
DA:61,1
DA:62,1
DA:63,1
DA:64,0
DA:65,0
DA:66,0
DA:67,0
DA:68,0
DA:72,1
DA:73,2
DA:74,1
DA:75,1
DA:76,0
DA:77,1
DA:78,0
DA:79,1
DA:80,0
DA:85,1
DA:86,1
DA:87,1
DA:89,1
DA:91,1
DA:96,1
DA:97,1
DA:98,1
DA:99,1
DA:101,1
DA:103,1
DA:108,1
DA:109,2
DA:112,1
DA:114,1
DA:115,1
DA:116,1
DA:119,1
DA:120,1
DA:121,2
DA:122,1
DA:125,1
DA:127,1
DA:128,3
DA:129,5
DA:132,2
DA:136,1
DA:137,1
DA:138,1
DA:140,1
DA:146,1
DA:147,1
DA:150,1
DA:151,3
DA:155,0
LF:70
LH:53
end_of_record
SF:lib/src/stepper/minimal_stepper.dart
DA:21,1
DA:44,1
DA:60,1
DA:63,3
DA:64,1
DA:66,4
DA:67,2
DA:68,2
DA:70,2
DA:72,4
DA:73,2
DA:77,2
DA:78,1
DA:79,1
DA:80,1
DA:81,1
DA:82,1
DA:88,0
DA:89,0
DA:91,0
DA:92,0
DA:93,0
DA:97,1
DA:100,1
DA:107,1
DA:109,1
DA:110,0
DA:111,1
DA:113,1
DA:114,2
DA:115,1
DA:118,1
DA:120,1
DA:121,3
DA:122,1
DA:130,1
DA:131,4
DA:132,1
DA:134,1
DA:136,3
DA:137,1
DA:142,1
DA:143,0
DA:144,1
DA:146,1
DA:148,1
DA:150,1
DA:152,3
DA:159,1
DA:160,1
DA:161,1
DA:162,1
DA:163,1
DA:167,2
DA:172,1
DA:174,1
DA:175,0
DA:177,0
DA:180,1
DA:181,0
DA:183,0
DA:186,1
DA:187,0
DA:189,0
DA:190,0
DA:194,1
DA:196,3
DA:197,3
DA:202,1
DA:203,1
DA:204,1
DA:205,2
DA:206,3
DA:208,1
DA:209,2
DA:210,1
DA:211,0
DA:212,2
DA:213,2
DA:214,0
DA:215,1
DA:216,1
DA:217,4
LF:83
LH:67
end_of_record
SF:lib/src/tabs/minimal_tabs.dart
DA:41,2
DA:53,2
DA:54,2
DA:63,2
DA:65,2
DA:66,4
DA:67,6
DA:69,4
DA:71,6
DA:72,4
DA:74,6
DA:75,2
DA:79,1
DA:81,1
DA:83,6
DA:84,0
DA:85,0
DA:86,0
DA:88,0
DA:90,0
DA:91,4
DA:92,0
DA:93,0
DA:94,0
DA:99,0
DA:100,0
DA:101,0
DA:102,0
DA:106,2
DA:107,5
DA:110,3
DA:115,0
DA:116,0
DA:118,0
DA:119,0
DA:121,0
DA:122,0
DA:123,0
DA:130,1
DA:132,6
DA:137,1
DA:138,1
DA:141,0
DA:144,2
DA:146,6
DA:147,4
DA:148,4
DA:149,4
DA:150,2
DA:153,2
DA:156,4
DA:158,2
DA:159,2
DA:160,2
DA:161,2
DA:165,2
DA:170,2
DA:172,2
DA:173,2
DA:176,2
DA:177,2
DA:178,2
DA:179,4
DA:182,2
DA:185,2
DA:187,6
DA:188,6
DA:190,2
DA:191,0
DA:192,0
DA:199,4
DA:200,2
DA:201,4
DA:202,4
DA:206,2
DA:207,4
DA:209,4
DA:215,2
DA:216,10
DA:217,6
DA:220,2
DA:222,2
DA:223,2
DA:224,0
DA:225,0
DA:227,4
DA:229,8
DA:230,6
DA:231,4
DA:237,2
DA:238,1
DA:242,2
DA:243,6
DA:244,2
DA:246,6
DA:247,2
DA:252,2
DA:253,2
DA:254,6
DA:255,4
DA:256,2
DA:257,4
DA:258,6
DA:260,2
DA:261,4
DA:263,6
DA:268,2
DA:269,4
DA:270,4
DA:271,2
DA:273,6
DA:276,4
DA:277,6
DA:278,6
DA:280,4
DA:281,6
DA:287,2
DA:291,2
DA:292,2
DA:293,2
DA:294,2
DA:295,6
DA:298,6
DA:304,2
DA:305,4
DA:306,2
DA:307,0
DA:308,0
DA:310,4
DA:311,4
DA:312,4
DA:314,0
DA:315,0
DA:316,0
DA:321,2
DA:322,4
DA:323,2
DA:324,6
DA:325,0
DA:329,0
DA:330,0
DA:331,0
DA:332,0
DA:333,0
DA:337,2
DA:338,4
DA:339,2
DA:340,2
DA:341,0
DA:345,1
DA:346,1
DA:348,0
DA:349,0
DA:350,0
DA:351,0
DA:354,0
DA:355,0
DA:356,0
DA:359,0
DA:360,0
DA:362,0
DA:363,0
DA:370,0
DA:371,0
DA:372,0
DA:374,0
DA:378,0
DA:379,0
DA:380,0
DA:381,0
DA:382,0
DA:387,0
DA:388,0
DA:392,0
DA:393,0
DA:397,0
DA:399,0
DA:400,0
DA:401,0
DA:406,0
DA:407,0
LF:181
LH:115
end_of_record
SF:lib/src/tabs/tab_item.dart
DA:24,2
LF:1
LH:1
end_of_record
SF:lib/src/text_field/minimal_text_field.dart
DA:63,2
DA:81,2
DA:83,2
DA:84,2
DA:94,2
DA:96,2
DA:97,8
DA:98,8
DA:100,6
DA:101,6
DA:104,2
DA:106,4
DA:107,4
DA:109,4
DA:110,4
DA:113,6
DA:114,6
DA:115,2
DA:118,2
DA:119,5
DA:120,1
DA:123,4
DA:126,2
DA:127,2
DA:128,4
DA:129,5
DA:133,2
DA:134,2
DA:135,1
DA:140,1
DA:141,2
DA:142,2
DA:143,6
DA:148,0
DA:149,0
DA:150,0
DA:154,1
DA:155,1
DA:156,2
DA:157,0
DA:161,2
DA:164,4
DA:165,2
DA:166,2
DA:167,2
DA:168,2
DA:170,6
DA:171,6
DA:173,3
DA:177,4
DA:178,2
DA:181,2
DA:184,2
DA:187,2
DA:188,2
DA:198,4
DA:200,2
DA:201,2
DA:202,2
DA:205,2
DA:206,2
DA:207,4
DA:208,4
DA:210,4
DA:211,4
DA:212,4
DA:215,4
DA:216,4
DA:217,4
DA:220,2
DA:221,6
DA:222,0
DA:225,4
DA:226,0
DA:230,2
DA:233,2
DA:234,2
DA:235,2
DA:236,2
DA:237,4
DA:239,2
DA:240,2
DA:241,4
DA:242,1
DA:243,2
DA:244,1
DA:245,1
DA:246,2
DA:247,2
DA:248,0
DA:251,2
DA:254,2
DA:255,2
DA:256,2
DA:257,2
DA:258,4
DA:260,1
DA:261,4
DA:262,2
DA:264,4
DA:265,6
DA:267,2
DA:268,2
DA:269,2
DA:270,2
DA:272,4
DA:273,4
DA:274,4
DA:276,4
DA:277,4
DA:286,0
DA:287,0
DA:288,0
DA:291,0
DA:294,0
DA:295,0
DA:299,4
DA:300,1
DA:301,1
DA:302,2
DA:303,2
DA:304,0
DA:307,2
DA:316,4
DA:317,0
DA:318,0
DA:319,4
DA:320,4
DA:327,4
DA:328,1
DA:329,2
DA:330,2
DA:335,4
DA:336,5
DA:337,2
DA:338,8
DA:339,2
DA:341,5
DA:342,3
DA:344,2
DA:345,4
DA:347,2
DA:348,3
DA:349,1
DA:350,2
LF:145
LH:129
end_of_record
SF:lib/src/time_picker/minimal_time_picker.dart
DA:21,0
DA:35,0
DA:37,1
DA:38,1
DA:44,1
DA:46,1
DA:47,5
DA:50,0
DA:52,0
DA:53,0
DA:54,0
DA:58,0
DA:59,0
DA:61,0
DA:63,0
DA:64,0
DA:66,0
DA:70,0
DA:76,0
DA:77,0
DA:78,0
DA:79,0
DA:80,0
DA:84,0
DA:85,0
DA:86,0
DA:87,0
DA:90,1
DA:91,2
DA:92,0
DA:93,0
DA:94,0
DA:95,0
DA:96,0
DA:98,0
DA:99,0
DA:102,1
DA:105,2
DA:106,1
DA:107,1
DA:108,1
DA:109,1
DA:111,2
DA:113,2
DA:114,0
DA:116,0
DA:117,2
DA:119,1
DA:122,1
DA:123,1
DA:124,1
DA:125,1
DA:127,1
DA:128,1
DA:129,1
DA:130,2
DA:131,3
DA:133,1
DA:134,1
DA:135,1
DA:137,1
DA:138,1
DA:139,1
DA:140,1
DA:142,1
DA:143,2
DA:144,0
DA:145,0
DA:146,0
DA:147,0
DA:148,0
DA:149,0
DA:152,1
DA:153,2
DA:154,2
DA:155,1
DA:156,2
DA:157,0
DA:163,3
DA:164,0
DA:165,0
DA:168,0
DA:170,0
DA:173,1
DA:175,2
DA:176,2
DA:177,0
DA:185,2
DA:186,0
DA:187,0
DA:188,0
DA:189,0
DA:190,0
DA:191,0
LF:94
LH:45
end_of_record
SF:lib/src/tooltip/minimal_tooltip.dart
DA:20,0
DA:32,0
DA:34,0
DA:35,0
DA:43,0
DA:44,0
DA:45,0
DA:46,0
DA:47,0
DA:48,0
DA:49,0
DA:50,0
DA:52,0
DA:53,0
DA:54,0
DA:55,0
DA:56,0
DA:57,0
DA:59,0
DA:60,0
DA:61,0
DA:62,0
DA:63,0
DA:66,0
DA:68,0
DA:69,0
DA:70,0
DA:75,0
DA:83,0
DA:87,0
DA:88,0
DA:89,0
DA:90,0
DA:91,0
DA:92,0
DA:96,0
DA:98,0
DA:99,0
DA:100,0
DA:101,0
DA:104,0
DA:106,0
DA:107,0
DA:108,0
DA:110,0
DA:111,0
DA:112,0
DA:113,0
DA:118,0
DA:119,0
DA:120,0
DA:121,0
DA:123,0
DA:124,0
LF:54
LH:0
end_of_record
SF:lib/src/tooltip/tooltip_overlay.dart
DA:4,0
DA:5,0
DA:6,0
DA:10,0
DA:11,0
LF:5
LH:0
end_of_record
SF:lib/src/bottom_navigation/minimal_bottom_navigation.dart
DA:22,2
DA:34,2
DA:36,2
DA:38,4
DA:39,2
DA:40,6
DA:41,6
DA:43,8
DA:45,2
DA:48,2
DA:50,2
DA:51,2
DA:53,2
DA:55,8
DA:56,4
DA:57,4
DA:58,2
DA:59,2
DA:60,2
DA:61,2
DA:63,4
DA:66,3
DA:67,2
DA:90,2
DA:103,2
DA:105,6
DA:106,2
DA:107,2
DA:108,2
DA:110,2
DA:111,2
DA:112,2
DA:114,2
DA:116,2
DA:117,2
DA:119,2
DA:120,2
DA:121,2
DA:122,2
DA:124,4
DA:125,3
DA:128,2
DA:129,2
DA:131,2
DA:132,2
DA:133,2
DA:136,2
DA:155,1
DA:157,1
DA:159,1
DA:162,1
DA:163,1
DA:164,1
DA:167,1
DA:168,2
LF:55
LH:55
end_of_record
SF:lib/src/bottom_navigation/bottom_navigation_item.dart
DA:8,2
LF:1
LH:1
end_of_record
SF:lib/src/radio_group/minimal_radio_group.dart
DA:19,1
DA:31,1
DA:33,1
DA:34,1
DA:40,1
DA:42,1
DA:43,2
DA:46,1
DA:48,2
DA:49,1
DA:52,0
DA:53,0
DA:55,0
DA:56,0
DA:57,0
DA:58,0
DA:60,0
DA:62,0
DA:63,0
DA:65,0
DA:67,0
DA:68,0
DA:69,0
DA:70,0
DA:71,0
DA:72,0
DA:73,0
DA:74,0
DA:76,0
DA:77,0
DA:78,0
DA:80,0
DA:81,0
DA:84,0
DA:85,0
DA:87,0
DA:88,0
DA:91,1
DA:93,3
DA:94,2
DA:96,4
DA:97,3
DA:98,1
DA:101,1
DA:102,4
DA:104,1
DA:105,1
DA:106,1
DA:108,1
DA:109,1
DA:110,1
DA:111,2
DA:112,2
DA:114,1
DA:115,1
DA:117,1
DA:118,1
DA:119,1
DA:120,3
DA:122,1
DA:123,1
DA:124,0
DA:125,0
DA:126,0
DA:135,1
DA:137,1
DA:138,1
DA:139,0
DA:140,0
DA:143,1
DA:145,2
DA:147,1
DA:149,1
DA:150,2
DA:151,0
DA:152,0
DA:153,0
DA:154,0
DA:155,0
DA:157,0
DA:158,0
DA:159,0
DA:162,2
DA:163,2
DA:164,0
DA:165,0
DA:166,0
DA:168,1
DA:170,1
DA:171,0
DA:177,1
DA:179,1
DA:185,2
DA:186,0
DA:188,0
DA:189,0
DA:190,0
DA:199,1
DA:204,1
DA:205,1
DA:206,3
DA:207,2
DA:208,3
DA:209,1
DA:210,1
LF:105
LH:57
end_of_record
SF:lib/src/radio_group/radio_option.dart
DA:8,1
LF:1
LH:1
end_of_record
